<?xml version="1.0" encoding="UTF-8"?>
<!-- Generated by org.testng.reporters.JUnitReportReporter -->
<testsuite hostname="LAPTOP-G3SAR7Q1" failures="0" tests="1" name="FunctionalTesting.GetRequestAutomation" time="4.202" errors="0" timestamp="2023-01-16T20:04:15 GMT" skipped="0">
  <testcase classname="FunctionalTesting.GetRequestAutomation" name="getRequestAutomation" time="4.202"/>
  <system-out/>
</testsuite> <!-- FunctionalTesting.GetRequestAutomation -->
